[debug] [2022-06-18T19:08:01.931Z] ----------------------------------------------------------------------
[debug] [2022-06-18T19:08:01.932Z] Command:       /usr/local/bin/node /usr/local/bin/firebase init
[debug] [2022-06-18T19:08:01.932Z] CLI Version:   11.1.0
[debug] [2022-06-18T19:08:01.932Z] Platform:      darwin
[debug] [2022-06-18T19:08:01.932Z] Node Version:  v16.14.2
[debug] [2022-06-18T19:08:01.933Z] Time:          Sat Jun 18 2022 15:08:01 GMT-0400 (Eastern Daylight Time)
[debug] [2022-06-18T19:08:01.933Z] ----------------------------------------------------------------------
[debug] 
[debug] [2022-06-18T19:08:01.936Z] > command requires scopes: ["email","openid","https://www.googleapis.com/auth/cloudplatformprojects.readonly","https://www.googleapis.com/auth/firebase","https://www.googleapis.com/auth/cloud-platform"]
[debug] [2022-06-18T19:08:01.937Z] > authorizing via signed-in user (guerranelson1030@gmail.com)
[info] 
     ######## #### ########  ######## ########     ###     ######  ########
     ##        ##  ##     ## ##       ##     ##  ##   ##  ##       ##
     ######    ##  ########  ######   ########  #########  ######  ######
     ##        ##  ##    ##  ##       ##     ## ##     ##       ## ##
     ##       #### ##     ## ######## ########  ##     ##  ######  ########

You're about to initialize a Firebase project in this directory:

  /Users/kal-el/Documents/React-Movie-API/React-Movie-App/react-movie-app

[info] 
=== Project Setup
[info] 
[info] First, let's associate this project directory with a Firebase project.
[info] You can create multiple project aliases by running firebase use --add, 
[info] but for now we'll just set up a default project.
[info] 
[debug] [2022-06-18T19:08:56.723Z] >>> [apiv2][query] GET https://firebase.googleapis.com/v1beta1/projects pageSize=100
[debug] [2022-06-18T19:08:57.112Z] <<< [apiv2][status] GET https://firebase.googleapis.com/v1beta1/projects 200
[debug] [2022-06-18T19:08:57.113Z] <<< [apiv2][body] GET https://firebase.googleapis.com/v1beta1/projects [omitted]
[info] i  Using project netflix-clone-fd1cd (Netflix Clone) 
[info] 
=== Hosting Setup
[info] 
[info] Your public directory is the folder (relative to your project directory) that
[info] will contain Hosting assets to be uploaded with firebase deploy. If you
[info] have a build process for your assets, use your build's output directory.
[info] 
